This is pdfTeX, Version 3.14159265-2.6-1.40.16 (MiKTeX 2.9 64-bit) (preloaded format=pdflatex 2015.10.24)  7 NOV 2015 17:59
entering extended mode
**7nov2ndexamp.tex
(7nov2ndexamp.tex
LaTeX2e <2015/01/01> patch level 2
Babel <3.9m> and hyphenation patterns for 69 languages loaded.
("C:\Program Files\MiKTeX 2.9\tex\latex\base\article.cls"
Document Class: article 2014/09/29 v1.4h Standard LaTeX document class
("C:\Program Files\MiKTeX 2.9\tex\latex\base\size10.clo"
File: size10.clo 2014/09/29 v1.4h Standard LaTeX file (size option)
)
\c@part=\count79
\c@section=\count80
\c@subsection=\count81
\c@subsubsection=\count82
\c@paragraph=\count83
\c@subparagraph=\count84
\c@figure=\count85
\c@table=\count86
\abovecaptionskip=\skip41
\belowcaptionskip=\skip42
\bibindent=\dimen102
) (7nov2ndexamp.aux)
LaTeX Font Info:    Checking defaults for OML/cmm/m/it on input line 5.
LaTeX Font Info:    ... okay on input line 5.
LaTeX Font Info:    Checking defaults for T1/cmr/m/n on input line 5.
LaTeX Font Info:    ... okay on input line 5.
LaTeX Font Info:    Checking defaults for OT1/cmr/m/n on input line 5.
LaTeX Font Info:    ... okay on input line 5.
LaTeX Font Info:    Checking defaults for OMS/cmsy/m/n on input line 5.
LaTeX Font Info:    ... okay on input line 5.
LaTeX Font Info:    Checking defaults for OMX/cmex/m/n on input line 5.
LaTeX Font Info:    ... okay on input line 5.
LaTeX Font Info:    Checking defaults for U/cmr/m/n on input line 5.
LaTeX Font Info:    ... okay on input line 5.
LaTeX Font Info:    External font `cmex10' loaded for size
(Font)              <12> on input line 6.
LaTeX Font Info:    External font `cmex10' loaded for size
(Font)              <8> on input line 6.
LaTeX Font Info:    External font `cmex10' loaded for size
(Font)              <6> on input line 6.
LaTeX Font Info:    External font `cmex10' loaded for size
(Font)              <7> on input line 8.
LaTeX Font Info:    External font `cmex10' loaded for size
(Font)              <5> on input line 8.

Underfull \hbox (badness 10000) in paragraph at lines 8--18

 []


Underfull \hbox (badness 10000) in paragraph at lines 24--51

 []


Underfull \hbox (badness 10000) in paragraph at lines 24--51

 []


Underfull \hbox (badness 10000) in paragraph at lines 24--51

 []


Underfull \hbox (badness 10000) in paragraph at lines 24--51

 []


Underfull \hbox (badness 10000) in paragraph at lines 24--51

 []


Underfull \hbox (badness 10000) in paragraph at lines 24--51

 []


Underfull \hbox (badness 10000) in paragraph at lines 24--51

 []


Underfull \hbox (badness 10000) in paragraph at lines 24--51

 []


Underfull \hbox (badness 10000) in paragraph at lines 24--51

 []


Underfull \hbox (badness 10000) in paragraph at lines 24--51

 []

[1



pdfTeX warning: pdflatex.exe (file pdftex.map): cannot open font map file
] [2] (7nov2ndexamp.aux) ) 
Here is how much of TeX's memory you used:
 229 strings out of 493673
 2443 string characters out of 3143953
 56455 words of memory out of 3000000
 3653 multiletter control sequences out of 15000+200000
 7280 words of font info for 26 fonts, out of 3000000 for 9000
 1025 hyphenation exceptions out of 8191
 23i,6n,17p,155b,187s stack positions out of 5000i,500n,10000p,200000b,50000s
 <C:\Users\1590148\AppData\Local\MiKTeX\2.9\fonts\pk\
ljfour\public\cm\dpi600\cmr7.pk> <C:\Users\1590148\AppData\Local\MiKTeX\2.9\fon
ts\pk\ljfour\public\cm\dpi600\cmmi10.pk> <C:\Users\1590148\AppData\Local\MiKTeX
\2.9\fonts\pk\ljfour\public\cm\dpi600\cmsy10.pk> <C:\Users\1590148\AppData\Loca
l\MiKTeX\2.9\fonts\pk\ljfour\public\cm\dpi600\cmr10.pk> <C:\Users\1590148\AppDa
ta\Local\MiKTeX\2.9\fonts\pk\ljfour\public\cm\dpi720\cmbx12.pk> <C:\Users\15901
48\AppData\Local\MiKTeX\2.9\fonts\pk\ljfour\public\cm\dpi600\cmr12.pk> <C:\User
s\1590148\AppData\Local\MiKTeX\2.9\fonts\pk\ljfour\public\cm\dpi600\cmr17.pk>
Output written on 7nov2ndexamp.pdf (2 pages, 42558 bytes).
PDF statistics:
 146 PDF objects out of 1000 (max. 8388607)
 0 named destinations out of 1000 (max. 500000)
 1 words of extra memory for PDF output out of 10000 (max. 10000000)

